Picked up JAVA_TOOL_OPTIONS: -Dstdout.encoding=UTF-8 -Dstderr.encoding=UTF-8
WARNING: A terminally deprecated method in sun.misc.Unsafe has been called
WARNING: sun.misc.Unsafe::staticFieldBase has been called by com.google.inject.internal.aop.HiddenClassDefiner (file:/C:/Users/Andrea.Bellissimo/.m2/wrapper/dists/apache-maven-3.9.11/03d7e36a140982eea48e22c1dcac01d8862b2550b2939e09a0809bbc5182a5bc/lib/guice-5.1.0-classes.jar)
WARNING: Please consider reporting this to the maintainers of class com.google.inject.internal.aop.HiddenClassDefiner
WARNING: sun.misc.Unsafe::staticFieldBase will be removed in a future release
[INFO] Scanning for projects...
[INFO] 
[INFO] ------------------------< com.residea:residea >-------------------------
[INFO] Building residea 0.0.1-SNAPSHOT
[INFO]   from pom.xml
[INFO] --------------------------------[ jar ]---------------------------------
[INFO] 
[INFO] >>> spring-boot:3.5.7:run (default-cli) > test-compile @ residea >>>
[INFO] 
[INFO] --- resources:3.3.1:resources (default-resources) @ residea ---
[INFO] Copying 1 resource from src\main\resources to target\classes
[INFO] Copying 3 resources from src\main\resources to target\classes
[INFO] 
[INFO] --- compiler:3.14.1:compile (default-compile) @ residea ---
[INFO] Nothing to compile - all classes are up to date.
[INFO] 
[INFO] --- resources:3.3.1:testResources (default-testResources) @ residea ---
[INFO] skip non existing resourceDirectory c:\Users\Andrea.Bellissimo\Desktop\Immobiliaris-Watson\back-end\residea\src\test\resources
[INFO] 
[INFO] --- compiler:3.14.1:testCompile (default-testCompile) @ residea ---
[INFO] Nothing to compile - all classes are up to date.
[INFO] 
[INFO] <<< spring-boot:3.5.7:run (default-cli) < test-compile @ residea <<<
[INFO] 
[INFO] 
[INFO] --- spring-boot:3.5.7:run (default-cli) @ residea ---
[INFO] Attaching agents: []
Picked up JAVA_TOOL_OPTIONS: -Dstdout.encoding=UTF-8 -Dstderr.encoding=UTF-8

  .   ____          _            __ _ _
 /\\ / ___'_ __ _ _(_)_ __  __ _ \ \ \ \
( ( )\___ | '_ | '_| | '_ \/ _` | \ \ \ \
 \\/  ___)| |_)| | | | | || (_| |  ) ) ) )
  '  |____| .__|_| |_|_| |_\__, | / / / /
 =========|_|==============|___/=/_/_/_/

 :: Spring Boot ::                (v3.5.7)

2025-11-18T15:49:48.202+01:00  INFO 15320 --- [residea] [  restartedMain] com.residea.residea.ResideaApplication   : Starting ResideaApplication using Java 25.0.1 with PID 15320 (c:\Users\Andrea.Bellissimo\Desktop\Immobiliaris-Watson\back-end\residea\target\classes started by andrea.bellissimo in c:\Users\Andrea.Bellissimo\Desktop\Immobiliaris-Watson\back-end\residea)
2025-11-18T15:49:48.204+01:00  INFO 15320 --- [residea] [  restartedMain] com.residea.residea.ResideaApplication   : No active profile set, falling back to 1 default profile: "default"
2025-11-18T15:49:48.239+01:00  INFO 15320 --- [residea] [  restartedMain] .e.DevToolsPropertyDefaultsPostProcessor : Devtools property defaults active! Set 'spring.devtools.add-properties' to 'false' to disable
2025-11-18T15:49:48.240+01:00  INFO 15320 --- [residea] [  restartedMain] .e.DevToolsPropertyDefaultsPostProcessor : For additional web related logging consider setting the 'logging.level.web' property to 'DEBUG'
2025-11-18T15:49:49.058+01:00  INFO 15320 --- [residea] [  restartedMain] .s.d.r.c.RepositoryConfigurationDelegate : Bootstrapping Spring Data JPA repositories in DEFAULT mode.
2025-11-18T15:49:49.176+01:00  INFO 15320 --- [residea] [  restartedMain] .s.d.r.c.RepositoryConfigurationDelegate : Finished Spring Data repository scanning in 110 ms. Found 12 JPA repository interfaces.
2025-11-18T15:49:49.788+01:00  INFO 15320 --- [residea] [  restartedMain] o.s.b.w.embedded.tomcat.TomcatWebServer  : Tomcat initialized with port 8080 (http)
2025-11-18T15:49:49.800+01:00  INFO 15320 --- [residea] [  restartedMain] o.apache.catalina.core.StandardService   : Starting service [Tomcat]
2025-11-18T15:49:49.800+01:00  INFO 15320 --- [residea] [  restartedMain] o.apache.catalina.core.StandardEngine    : Starting Servlet engine: [Apache Tomcat/10.1.48]
2025-11-18T15:49:49.846+01:00  INFO 15320 --- [residea] [  restartedMain] o.a.c.c.C.[Tomcat].[localhost].[/]       : Initializing Spring embedded WebApplicationContext
2025-11-18T15:49:49.846+01:00  INFO 15320 --- [residea] [  restartedMain] w.s.c.ServletWebServerApplicationContext : Root WebApplicationContext: initialization completed in 1606 ms
2025-11-18T15:49:49.948+01:00 DEBUG 15320 --- [residea] [  restartedMain] o.s.w.f.ServerHttpObservationFilter      : Filter 'webMvcObservationFilter' configured for use
2025-11-18T15:49:50.512+01:00  INFO 15320 --- [residea] [  restartedMain] o.s.o.j.p.SpringPersistenceUnitInfo      : No LoadTimeWeaver setup: ignoring JPA class transformer
2025-11-18T15:49:50.544+01:00  INFO 15320 --- [residea] [  restartedMain] com.zaxxer.hikari.HikariDataSource       : HikariPool-1 - Starting...
2025-11-18T15:49:50.677+01:00  INFO 15320 --- [residea] [  restartedMain] com.zaxxer.hikari.pool.HikariPool        : HikariPool-1 - Added connection com.mysql.cj.jdbc.ConnectionImpl@331c2e1
2025-11-18T15:49:50.678+01:00  INFO 15320 --- [residea] [  restartedMain] com.zaxxer.hikari.HikariDataSource       : HikariPool-1 - Start completed.
2025-11-18T15:49:51.626+01:00  INFO 15320 --- [residea] [  restartedMain] j.LocalContainerEntityManagerFactoryBean : Initialized JPA EntityManagerFactory for persistence unit 'default'
2025-11-18T15:49:51.973+01:00  INFO 15320 --- [residea] [  restartedMain] o.s.d.j.r.query.QueryEnhancerFactory     : Hibernate is in classpath; If applicable, HQL parser will be used.
2025-11-18T15:49:52.467+01:00 DEBUG 15320 --- [residea] [  restartedMain] s.w.s.m.m.a.RequestMappingHandlerMapping : 48 mappings in 'requestMappingHandlerMapping'
2025-11-18T15:49:52.533+01:00 DEBUG 15320 --- [residea] [  restartedMain] o.s.w.s.handler.SimpleUrlHandlerMapping  : Patterns [/webjars/**, /**] in 'resourceHandlerMapping'
2025-11-18T15:49:52.554+01:00 DEBUG 15320 --- [residea] [  restartedMain] s.w.s.m.m.a.RequestMappingHandlerAdapter : ControllerAdvice beans: 0 @ModelAttribute, 0 @InitBinder, 1 RequestBodyAdvice, 1 ResponseBodyAdvice
2025-11-18T15:49:52.619+01:00 DEBUG 15320 --- [residea] [  restartedMain] .m.m.a.ExceptionHandlerExceptionResolver : ControllerAdvice beans: 0 @ExceptionHandler, 1 ResponseBodyAdvice
2025-11-18T15:49:52.796+01:00  INFO 15320 --- [residea] [  restartedMain] o.s.b.d.a.OptionalLiveReloadServer       : LiveReload server is running on port 35729
2025-11-18T15:49:52.805+01:00  INFO 15320 --- [residea] [  restartedMain] o.s.b.a.e.web.EndpointLinksResolver      : Exposing 2 endpoints beneath base path '/actuator'
2025-11-18T15:49:52.865+01:00  INFO 15320 --- [residea] [  restartedMain] o.s.b.w.embedded.tomcat.TomcatWebServer  : Tomcat started on port 8080 (http) with context path '/'
2025-11-18T15:49:52.874+01:00  INFO 15320 --- [residea] [  restartedMain] com.residea.residea.ResideaApplication   : Started ResideaApplication in 5.033 seconds (process running for 5.512)
2025-11-18T15:49:58.704+01:00  INFO 15320 --- [residea] [ionShutdownHook] o.s.b.w.e.tomcat.GracefulShutdown        : Commencing graceful shutdown. Waiting for active requests to complete
2025-11-18T15:49:58.724+01:00  INFO 15320 --- [residea] [tomcat-shutdown] o.s.b.w.e.tomcat.GracefulShutdown        : Graceful shutdown complete
2025-11-18T15:49:58.730+01:00  INFO 15320 --- [residea] [ionShutdownHook] j.LocalContainerEntityManagerFactoryBean : Closing JPA EntityManagerFactory for persistence unit 'default'
2025-11-18T15:49:58.733+01:00  INFO 15320 --- [residea] [ionShutdownHook] com.zaxxer.hikari.HikariDataSource       : HikariPool-1 - Shutdown initiated...
2025-11-18T15:49:58.743+01:00  INFO 15320 --- [residea] [ionShutdownHook] com.zaxxer.hikari.HikariDataSource       : HikariPool-1 - Shutdown completed.
[INFO] ------------------------------------------------------------------------
[INFO] BUILD SUCCESS
[INFO] ------------------------------------------------------------------------
[INFO] Total time:  13.318 s
[INFO] Finished at: 2025-11-18T15:49:59+01:00
[INFO] ------------------------------------------------------------------------
Terminare il processo batch (S/N)? Terminare il processo batch (S/N)? 